<?xml version="1.0" encoding="UTF-8"?>
<!-- Generated by org.testng.reporters.JUnitXMLReporter -->
<testsuite ignored="0" hostname="LAPTOP-HJD2KFU0" failures="0" tests="2" name="Test" time="66.105" errors="0" timestamp="2026-02-03T12:20:32 IST">
  <testcase classname="org.testPackage.TC_AddToCart_001_Test" name="addToCartMethod" time="3.884"/>
  <testcase classname="org.testPackage.TC_RemoveProductFromCart_002_Test" name="removeProductFromCartMethod" time="20.148"/>
</testsuite> <!-- Test -->
