<?xml version="1.0" encoding="UTF-8"?>
<testng-results ignored="0" total="2" passed="2" failed="0" skipped="0">
  <reporter-output>
    <line>
      <![CDATA[<Test>Testhas started]]>
    </line>
    <line>
      <![CDATA[[TestcaseaddToCartMethodhas started]]]>
    </line>
    <line>
      <![CDATA[[TestcaseaddToCartMethodhas sucessfully executed]]]>
    </line>
    <line>
      <![CDATA[[TestcaseremoveProductFromCartMethodhas started]]]>
    </line>
    <line>
      <![CDATA[product is removed from cart !!]]>
    </line>
    <line>
      <![CDATA[[TestcaseremoveProductFromCartMethodhas sucessfully executed]]]>
    </line>
  </reporter-output>
  <suite started-at="2026-02-03T12:19:26 IST" name="Suite" finished-at="2026-02-03T12:20:32 IST" duration-ms="66105">
    <groups>
    </groups>
    <test started-at="2026-02-03T12:19:26 IST" name="Test" finished-at="2026-02-03T12:20:32 IST" duration-ms="66105">
      <class name="org.testPackage.TC_RemoveProductFromCart_002_Test">
        <test-method is-config="true" signature="browserSetup()[pri:0, instance:org.testPackage.TC_RemoveProductFromCart_002_Test@1623b78d]" started-at="2026-02-03T12:19:56 IST" name="browserSetup" finished-at="2026-02-03T12:20:07 IST" duration-ms="10605" status="PASS">
          <reporter-output>
          </reporter-output>
        </test-method> <!-- browserSetup -->
        <test-method is-config="true" signature="login()[pri:0, instance:org.testPackage.TC_RemoveProductFromCart_002_Test@1623b78d]" started-at="2026-02-03T12:20:07 IST" name="login" finished-at="2026-02-03T12:20:10 IST" duration-ms="2602" status="PASS">
          <reporter-output>
          </reporter-output>
        </test-method> <!-- login -->
        <test-method signature="removeProductFromCartMethod()[pri:0, instance:org.testPackage.TC_RemoveProductFromCart_002_Test@1623b78d]" started-at="2026-02-03T12:20:10 IST" name="removeProductFromCartMethod" finished-at="2026-02-03T12:20:30 IST" duration-ms="20148" status="PASS">
          <reporter-output>
            <line>
              <![CDATA[[TestcaseremoveProductFromCartMethodhas started]]]>
            </line>
            <line>
              <![CDATA[product is removed from cart !!]]>
            </line>
            <line>
              <![CDATA[[TestcaseremoveProductFromCartMethodhas sucessfully executed]]]>
            </line>
          </reporter-output>
        </test-method> <!-- removeProductFromCartMethod -->
        <test-method is-config="true" signature="logout()[pri:0, instance:org.testPackage.TC_RemoveProductFromCart_002_Test@1623b78d]" started-at="2026-02-03T12:20:30 IST" name="logout" finished-at="2026-02-03T12:20:32 IST" duration-ms="2048" status="PASS">
          <reporter-output>
          </reporter-output>
        </test-method> <!-- logout -->
        <test-method is-config="true" signature="browserTeamDown()[pri:0, instance:org.testPackage.TC_RemoveProductFromCart_002_Test@1623b78d]" started-at="2026-02-03T12:20:32 IST" name="browserTeamDown" finished-at="2026-02-03T12:20:32 IST" duration-ms="363" status="PASS">
          <reporter-output>
          </reporter-output>
        </test-method> <!-- browserTeamDown -->
      </class> <!-- org.testPackage.TC_RemoveProductFromCart_002_Test -->
      <class name="org.testPackage.TC_AddToCart_001_Test">
        <test-method is-config="true" signature="browserSetup()[pri:0, instance:org.testPackage.TC_AddToCart_001_Test@7f3b84b8]" started-at="2026-02-03T12:19:26 IST" name="browserSetup" finished-at="2026-02-03T12:19:45 IST" duration-ms="19354" status="PASS">
          <reporter-output>
          </reporter-output>
        </test-method> <!-- browserSetup -->
        <test-method is-config="true" signature="login()[pri:0, instance:org.testPackage.TC_AddToCart_001_Test@7f3b84b8]" started-at="2026-02-03T12:19:45 IST" name="login" finished-at="2026-02-03T12:19:50 IST" duration-ms="4443" status="PASS">
          <reporter-output>
          </reporter-output>
        </test-method> <!-- login -->
        <test-method signature="addToCartMethod()[pri:0, instance:org.testPackage.TC_AddToCart_001_Test@7f3b84b8]" started-at="2026-02-03T12:19:50 IST" name="addToCartMethod" finished-at="2026-02-03T12:19:54 IST" duration-ms="3884" status="PASS">
          <reporter-output>
            <line>
              <![CDATA[[TestcaseaddToCartMethodhas started]]]>
            </line>
            <line>
              <![CDATA[[TestcaseaddToCartMethodhas sucessfully executed]]]>
            </line>
          </reporter-output>
        </test-method> <!-- addToCartMethod -->
        <test-method is-config="true" signature="logout()[pri:0, instance:org.testPackage.TC_AddToCart_001_Test@7f3b84b8]" started-at="2026-02-03T12:19:54 IST" name="logout" finished-at="2026-02-03T12:19:56 IST" duration-ms="2144" status="PASS">
          <reporter-output>
          </reporter-output>
        </test-method> <!-- logout -->
        <test-method is-config="true" signature="browserTeamDown()[pri:0, instance:org.testPackage.TC_AddToCart_001_Test@7f3b84b8]" started-at="2026-02-03T12:19:56 IST" name="browserTeamDown" finished-at="2026-02-03T12:19:56 IST" duration-ms="372" status="PASS">
          <reporter-output>
          </reporter-output>
        </test-method> <!-- browserTeamDown -->
      </class> <!-- org.testPackage.TC_AddToCart_001_Test -->
    </test> <!-- Test -->
  </suite> <!-- Suite -->
</testng-results>
