<?xml version="1.0" encoding="UTF-8"?>
<!-- Generated by org.testng.reporters.JUnitReportReporter -->
<testsuite hostname="LAPTOP-HJD2KFU0" failures="0" tests="1" name="org.testPackage.TC_RemoveProductFromCart_002_Test" time="24.798" errors="0" timestamp="2026-02-03T12:20:32 IST" skipped="0">
  <testcase classname="org.testPackage.TC_RemoveProductFromCart_002_Test" name="removeProductFromCartMethod" time="24.798">
    <system-out>
      <![CDATA[[TestcaseremoveProductFromCartMethodhas started]
product is removed from cart !!
[TestcaseremoveProductFromCartMethodhas sucessfully executed]]]>
    </system-out>
  </testcase> <!-- removeProductFromCartMethod -->
  <system-out>
    <![CDATA[<Test>Testhas started
[TestcaseaddToCartMethodhas started]
[TestcaseaddToCartMethodhas sucessfully executed]
[TestcaseremoveProductFromCartMethodhas started]
product is removed from cart !!
[TestcaseremoveProductFromCartMethodhas sucessfully executed]]]>
  </system-out>
</testsuite> <!-- org.testPackage.TC_RemoveProductFromCart_002_Test -->
