<?xml version="1.0" encoding="UTF-8"?>
<!-- Generated by org.testng.reporters.JUnitReportReporter -->
<testsuite hostname="LAPTOP-HJD2KFU0" failures="0" tests="1" name="org.testPackage.TC_AddToCart_001_Test" time="10.471" errors="0" timestamp="2026-02-03T12:20:32 IST" skipped="0">
  <testcase classname="org.testPackage.TC_AddToCart_001_Test" name="addToCartMethod" time="10.471">
    <system-out>
      <![CDATA[[TestcaseaddToCartMethodhas started]
[TestcaseaddToCartMethodhas sucessfully executed]]]>
    </system-out>
  </testcase> <!-- addToCartMethod -->
  <system-out>
    <![CDATA[<Test>Testhas started
[TestcaseaddToCartMethodhas started]
[TestcaseaddToCartMethodhas sucessfully executed]
[TestcaseremoveProductFromCartMethodhas started]
product is removed from cart !!
[TestcaseremoveProductFromCartMethodhas sucessfully executed]]]>
  </system-out>
</testsuite> <!-- org.testPackage.TC_AddToCart_001_Test -->
